<?xml version="1.0" encoding="utf-8"?><testsuites name="pytest tests"><testsuite name="pytest" errors="0" failures="0" skipped="0" tests="10" time="14.768" timestamp="2026-09-07T15:18:22.284796+00:00" hostname="agent-env-5ebc2113-e364-4637-9102-bb062b03b931"><testcase classname="tests.test_articles.TestAdminArticles" name="test_admin_list_requires_auth" time="0.210" /><testcase classname="tests.test_articles.TestPublicArticles" name="test_list_only_published" time="0.255" /><testcase classname="tests.test_articles.TestPublicArticles" name="test_get_by_slug" time="0.327" /><testcase classname="tests.test_articles.TestAdminArticles" name="test_admin_list_with_token" time="0.504" /><testcase classname="tests.test_articles.TestPublicArticles" name="test_unknown_slug_404" time="0.198" /><testcase classname="tests.test_articles.TestImageGeneration" name="test_unauth_401" time="0.200" /><testcase classname="tests.test_articles.TestImageGeneration" name="test_generate_and_serve" time="13.369" /><testcase classname="tests.test_articles.TestArticleCRUD" name="test_full_lifecycle_and_sitemap" time="1.850" /><testcase classname="tests.test_articles.TestSitemap" name="test_sitemap_content" time="0.158" /><testcase classname="tests.test_articles.TestProviderRegression" name="test_providers_9" time="0.141" /></testsuite></testsuites>