<?xml version="1.0" encoding="utf-8"?><testsuites name="pytest tests"><testsuite name="pytest" errors="0" failures="0" skipped="0" tests="11" time="2.980" timestamp="2026-09-07T10:40:09.173891+00:00" hostname="agent-env-5ebc2113-e364-4637-9102-bb062b03b931"><testcase classname="tests.backend_test.TestProviderCRUD" name="test_unauth_post_rejected" time="0.504" /><testcase classname="tests.backend_test.TestAuth" name="test_login_success" time="0.491" /><testcase classname="tests.backend_test.TestAuth" name="test_login_wrong_password_401_german" time="0.401" /><testcase classname="tests.backend_test.TestProviderCRUD" name="test_unauth_put_rejected" time="0.390" /><testcase classname="tests.backend_test.TestAuth" name="test_me_without_token_401" time="0.144" /><testcase classname="tests.backend_test.TestProviderCRUD" name="test_unauth_delete_rejected" time="0.184" /><testcase classname="tests.backend_test.TestAuth" name="test_me_with_token" time="0.610" /><testcase classname="tests.backend_test.TestProviderCRUD" name="test_full_crud_flow" time="1.394" /><testcase classname="tests.backend_test.TestProvidersList" name="test_list_all" time="0.151" /><testcase classname="tests.backend_test.TestProvidersList" name="test_filter_crowdlending" time="0.194" /><testcase classname="tests.backend_test.TestProvidersList" name="test_filter_immobilien" time="0.125" /></testsuite></testsuites>